<?xml version="1.0" encoding="UTF-8"?>
<robot generator="Robot 6.0.1 (Python 3.11.0 on win32)" generated="20221120 19:22:05.925" rpa="false" schemaversion="3">
<suite id="s1" name="robotApiTests" source="D:\Documents\Repositorios Git\TestesSoftware\robotApiTests">
<suite id="s1-s1" name="Tests" source="D:\Documents\Repositorios Git\TestesSoftware\robotApiTests\tests.robot">
<test id="s1-s1-t1" name="Testar resposta de Erro" line="23">
<kw name="Inicia Conexao" library="keywords" type="SETUP">
<kw name="Create Session" library="RequestsLibrary">
<arg>secao</arg>
<arg>${HOST}</arg>
<doc>Create Session: create a HTTP session to a server</doc>
<msg timestamp="20221120 19:22:06.161" level="INFO">Creating Session using : alias=secao, url=http://localhost:8080, headers={},                     cookies={}, auth=None, timeout=None, proxies=None, verify=False,                     debug=0 </msg>
<status status="PASS" starttime="20221120 19:22:06.161" endtime="20221120 19:22:06.162"/>
</kw>
<status status="PASS" starttime="20221120 19:22:06.160" endtime="20221120 19:22:06.162"/>
</kw>
<kw name="Realizar requisição de CALCULO" library="keywords">
<var>@{saida}</var>
<arg>10</arg>
<arg>0</arg>
<arg>Divisao</arg>
<kw name="Create Dictionary" library="BuiltIn">
<var>${corpo}</var>
<arg>input1=${VALOR1}</arg>
<arg>input2=${VALOR2}</arg>
<arg>tipoCalculo=${TIPO}</arg>
<doc>Creates and returns a dictionary based on the given ``items``.</doc>
<msg timestamp="20221120 19:22:06.164" level="INFO">${corpo} = {'input1': '10', 'input2': '0', 'tipoCalculo': 'Divisao'}</msg>
<status status="PASS" starttime="20221120 19:22:06.163" endtime="20221120 19:22:06.164"/>
</kw>
<kw name="Create Dictionary" library="BuiltIn">
<var>${head}</var>
<arg>Content-Typ=application/json</arg>
<doc>Creates and returns a dictionary based on the given ``items``.</doc>
<msg timestamp="20221120 19:22:06.165" level="INFO">${head} = {'Content-Typ': 'application/json'}</msg>
<status status="PASS" starttime="20221120 19:22:06.164" endtime="20221120 19:22:06.166"/>
</kw>
<kw name="POST On Session" library="RequestsLibrary">
<var>${RESPOSTA}</var>
<arg>secao</arg>
<arg>/${PATH}</arg>
<arg>headers=${head}</arg>
<arg>json=${corpo}</arg>
<doc>Sends a POST request on a previously created HTTP Session.</doc>
<msg timestamp="20221120 19:22:06.191" level="INFO">POST Request : url=http://localhost:8080/calcular 
 path_url=/calcular 
 headers={'User-Agent': 'python-requests/2.28.1', 'Accept-Encoding': 'gzip, deflate', 'Accept': '*/*', 'Connection': 'keep-alive', 'Content-Typ': 'application/json', 'Content-Length': '57', 'Content-Type': 'application/json'} 
 body=b'{"input1": "10", "input2": "0", "tipoCalculo": "Divisao"}' 
 </msg>
<msg timestamp="20221120 19:22:06.191" level="INFO">POST Response : url=http://localhost:8080/calcular 
 status=400, reason= 
 headers={'Content-Type': 'application/json', 'Transfer-Encoding': 'chunked', 'Date': 'Sun, 20 Nov 2022 22:22:06 GMT', 'Connection': 'close'} 
 body={"resultadoErro":"Divisao por 0 nao permitida!","resultadoCal":null} 
 </msg>
<msg timestamp="20221120 19:22:06.191" level="FAIL">HTTPError: 400 Client Error:  for url: http://localhost:8080/calcular</msg>
<status status="FAIL" starttime="20221120 19:22:06.166" endtime="20221120 19:22:06.194"/>
</kw>
<kw name="Convert To String" library="BuiltIn">
<var>${stCode}</var>
<arg>${RESPOSTA.status_code}</arg>
<doc>Converts the given item to a Unicode string.</doc>
<status status="NOT RUN" starttime="20221120 19:22:06.194" endtime="20221120 19:22:06.195"/>
</kw>
<kw name="Create List" library="BuiltIn">
<var>@{saida}</var>
<arg>${RESPOSTA.text}</arg>
<arg>${stCode}</arg>
<doc>Returns a list containing given items.</doc>
<status status="NOT RUN" starttime="20221120 19:22:06.195" endtime="20221120 19:22:06.195"/>
</kw>
<status status="FAIL" starttime="20221120 19:22:06.163" endtime="20221120 19:22:06.195"/>
</kw>
<kw name="Confere o status code" library="keywords">
<arg>400</arg>
<arg>${saida}[1]</arg>
<status status="NOT RUN" starttime="20221120 19:22:06.196" endtime="20221120 19:22:06.196"/>
</kw>
<kw name="Create Dictionary" library="BuiltIn">
<var>${saida_erro}</var>
<arg>status=400</arg>
<arg>error=Bad request</arg>
<arg>path=/calcular</arg>
<doc>Creates and returns a dictionary based on the given ``items``.</doc>
<status status="NOT RUN" starttime="20221120 19:22:06.197" endtime="20221120 19:22:06.197"/>
</kw>
<kw name="Finaliza Conexao" library="keywords" type="TEARDOWN">
<kw name="Delete All Sessions" library="RequestsLibrary">
<doc>Removes all the session objects</doc>
<msg timestamp="20221120 19:22:06.198" level="INFO">Deleting All Sessions</msg>
<status status="PASS" starttime="20221120 19:22:06.198" endtime="20221120 19:22:06.198"/>
</kw>
<status status="PASS" starttime="20221120 19:22:06.197" endtime="20221120 19:22:06.198"/>
</kw>
<doc>Valida resposta de erro</doc>
<status status="FAIL" starttime="20221120 19:22:06.159" endtime="20221120 19:22:06.200">HTTPError: 400 Client Error:  for url: http://localhost:8080/calcular</status>
</test>
<status status="FAIL" starttime="20221120 19:22:05.960" endtime="20221120 19:22:06.203"/>
</suite>
<status status="FAIL" starttime="20221120 19:22:05.931" endtime="20221120 19:22:06.206"/>
</suite>
<statistics>
<total>
<stat pass="0" fail="1" skip="0">All Tests</stat>
</total>
<tag>
</tag>
<suite>
<stat pass="0" fail="1" skip="0" id="s1" name="robotApiTests">robotApiTests</stat>
<stat pass="0" fail="1" skip="0" id="s1-s1" name="Tests">robotApiTests.Tests</stat>
</suite>
</statistics>
<errors>
</errors>
</robot>
