<?xml version="1.0" encoding="UTF-8"?>
<robot generator="Robot 6.0.1 (Python 3.11.0 on win32)" generated="20221120 18:28:10.270" rpa="false" schemaversion="3">
<suite id="s1" name="robotApiTests" source="D:\Documents\Repositorios Git\TestesSoftware\robotApiTests">
<suite id="s1-s1" name="Tests" source="D:\Documents\Repositorios Git\TestesSoftware\robotApiTests\tests.robot">
<test id="s1-s1-t1" name="Testar SOMA correta" line="15">
<kw name="Inicia Conexao" library="keywords" type="SETUP">
<kw name="Create Session" library="RequestsLibrary">
<arg>secao</arg>
<arg>${HOST}</arg>
<doc>Create Session: create a HTTP session to a server</doc>
<msg timestamp="20221120 18:28:10.497" level="INFO">Creating Session using : alias=secao, url=http://localhost:8080, headers={},                     cookies={}, auth=None, timeout=None, proxies=None, verify=False,                     debug=0 </msg>
<status status="PASS" starttime="20221120 18:28:10.497" endtime="20221120 18:28:10.498"/>
</kw>
<status status="PASS" starttime="20221120 18:28:10.496" endtime="20221120 18:28:10.498"/>
</kw>
<kw name="Realizar requisição de CALCULO" library="keywords">
<var>@{saida}</var>
<arg>15</arg>
<arg>22</arg>
<arg>Soma</arg>
<kw name="Create Dictionary" library="BuiltIn">
<var>${corpo}</var>
<arg>input1=${VALOR1}</arg>
<arg>input2=${VALOR2}</arg>
<arg>tipoCalculo=${TIPO}</arg>
<doc>Creates and returns a dictionary based on the given ``items``.</doc>
<msg timestamp="20221120 18:28:10.500" level="INFO">${corpo} = {'input1': '15', 'input2': '22', 'tipoCalculo': 'Soma'}</msg>
<status status="PASS" starttime="20221120 18:28:10.500" endtime="20221120 18:28:10.502"/>
</kw>
<kw name="Create Dictionary" library="BuiltIn">
<var>${head}</var>
<arg>Content-Typ=application/json</arg>
<doc>Creates and returns a dictionary based on the given ``items``.</doc>
<msg timestamp="20221120 18:28:10.503" level="INFO">${head} = {'Content-Typ': 'application/json'}</msg>
<status status="PASS" starttime="20221120 18:28:10.502" endtime="20221120 18:28:10.503"/>
</kw>
<kw name="POST On Session" library="RequestsLibrary">
<var>${RESPOSTA}</var>
<arg>secao</arg>
<arg>/${PATH}</arg>
<arg>headers=${head}</arg>
<arg>json=${corpo}</arg>
<doc>Sends a POST request on a previously created HTTP Session.</doc>
<msg timestamp="20221120 18:28:10.514" level="INFO">POST Request : url=http://localhost:8080/calcular 
 path_url=/calcular 
 headers={'User-Agent': 'python-requests/2.28.1', 'Accept-Encoding': 'gzip, deflate', 'Accept': '*/*', 'Connection': 'keep-alive', 'Content-Typ': 'application/json', 'Content-Length': '55', 'Content-Type': 'application/json'} 
 body=b'{"input1": "15", "input2": "22", "tipoCalculo": "Soma"}' 
 </msg>
<msg timestamp="20221120 18:28:10.515" level="INFO">POST Response : url=http://localhost:8080/calcular 
 status=200, reason= 
 headers={'Content-Type': 'application/json', 'Transfer-Encoding': 'chunked', 'Date': 'Sun, 20 Nov 2022 21:28:10 GMT', 'Keep-Alive': 'timeout=60', 'Connection': 'keep-alive'} 
 body={"resultadoErro":null,"resultadoCal":37.0} 
 </msg>
<msg timestamp="20221120 18:28:10.515" level="INFO">${RESPOSTA} = &lt;Response [200]&gt;</msg>
<status status="PASS" starttime="20221120 18:28:10.504" endtime="20221120 18:28:10.516"/>
</kw>
<kw name="Convert To String" library="BuiltIn">
<var>${stCode}</var>
<arg>${RESPOSTA.status_code}</arg>
<doc>Converts the given item to a Unicode string.</doc>
<msg timestamp="20221120 18:28:10.518" level="INFO">${stCode} = 200</msg>
<status status="PASS" starttime="20221120 18:28:10.516" endtime="20221120 18:28:10.518"/>
</kw>
<kw name="Create List" library="BuiltIn">
<var>@{saida}</var>
<arg>${RESPOSTA.text}</arg>
<arg>${stCode}</arg>
<doc>Returns a list containing given items.</doc>
<msg timestamp="20221120 18:28:10.521" level="INFO">@{saida} = [ {"resultadoErro":null,"resultadoCal":37.0} | 200 ]</msg>
<status status="PASS" starttime="20221120 18:28:10.518" endtime="20221120 18:28:10.522"/>
</kw>
<msg timestamp="20221120 18:28:10.522" level="INFO">@{saida} = [ {"resultadoErro":null,"resultadoCal":37.0} | 200 ]</msg>
<status status="PASS" starttime="20221120 18:28:10.499" endtime="20221120 18:28:10.523"/>
</kw>
<kw name="Confere o status code" library="keywords">
<arg>200</arg>
<arg>${saida}[1]</arg>
<kw name="Should Be Equal As Strings" library="BuiltIn">
<arg>${STATUS_RECEBIDO}</arg>
<arg>${STATUS_ESPERADO}</arg>
<doc>Fails if objects are unequal after converting them to strings.</doc>
<status status="PASS" starttime="20221120 18:28:10.524" endtime="20221120 18:28:10.525"/>
</kw>
<kw name="Log" library="BuiltIn">
<arg>Status Code Retornado: ${STATUS_RECEBIDO} -- Status Code Esperado: ${STATUS_ESPERADO}</arg>
<doc>Logs the given message with the given level.</doc>
<msg timestamp="20221120 18:28:10.525" level="INFO">Status Code Retornado: 200 -- Status Code Esperado: 200</msg>
<status status="PASS" starttime="20221120 18:28:10.525" endtime="20221120 18:28:10.526"/>
</kw>
<status status="PASS" starttime="20221120 18:28:10.524" endtime="20221120 18:28:10.526"/>
</kw>
<kw name="Convert To Number" library="BuiltIn">
<var>${valor}</var>
<arg>37.0</arg>
<doc>Converts the given item to a floating point number.</doc>
<msg timestamp="20221120 18:28:10.527" level="INFO">${valor} = 37.0</msg>
<status status="PASS" starttime="20221120 18:28:10.527" endtime="20221120 18:28:10.527"/>
</kw>
<kw name="Create Dictionary" library="BuiltIn">
<var>${respDesejada}</var>
<arg>resultadoErro={Null}</arg>
<arg>resultadoCal=${valor}</arg>
<doc>Creates and returns a dictionary based on the given ``items``.</doc>
<msg timestamp="20221120 18:28:10.529" level="INFO">${respDesejada} = {'resultadoErro': '{Null}', 'resultadoCal': 37.0}</msg>
<status status="PASS" starttime="20221120 18:28:10.528" endtime="20221120 18:28:10.530"/>
</kw>
<kw name="Conferir corpo da resposta" library="keywords">
<arg>${saida}[0]</arg>
<arg>${respDesejada}</arg>
<kw name="Should Be Equal As Strings" library="BuiltIn">
<arg>${RESPOSTA}</arg>
<arg>${RESP_DESEJADA}</arg>
<doc>Fails if objects are unequal after converting them to strings.</doc>
<msg timestamp="20221120 18:28:10.533" level="INFO">Argument types are:
&lt;class 'str'&gt;
&lt;class 'robot.utils.dotdict.DotDict'&gt;</msg>
<msg timestamp="20221120 18:28:10.534" level="FAIL">{"resultadoErro":null,"resultadoCal":37.0} != {'resultadoErro': '{Null}', 'resultadoCal': 37.0}</msg>
<status status="FAIL" starttime="20221120 18:28:10.532" endtime="20221120 18:28:10.534"/>
</kw>
<status status="FAIL" starttime="20221120 18:28:10.531" endtime="20221120 18:28:10.536"/>
</kw>
<kw name="Finaliza Conexao" library="keywords" type="TEARDOWN">
<kw name="Delete All Sessions" library="RequestsLibrary">
<doc>Removes all the session objects</doc>
<msg timestamp="20221120 18:28:10.538" level="INFO">Deleting All Sessions</msg>
<status status="PASS" starttime="20221120 18:28:10.538" endtime="20221120 18:28:10.538"/>
</kw>
<status status="PASS" starttime="20221120 18:28:10.537" endtime="20221120 18:28:10.538"/>
</kw>
<doc>Valida resposta correta</doc>
<status status="FAIL" starttime="20221120 18:28:10.494" endtime="20221120 18:28:10.539">{"resultadoErro":null,"resultadoCal":37.0} != {'resultadoErro': '{Null}', 'resultadoCal': 37.0}</status>
</test>
<status status="FAIL" starttime="20221120 18:28:10.309" endtime="20221120 18:28:10.541"/>
</suite>
<status status="FAIL" starttime="20221120 18:28:10.280" endtime="20221120 18:28:10.543"/>
</suite>
<statistics>
<total>
<stat pass="0" fail="1" skip="0">All Tests</stat>
</total>
<tag>
</tag>
<suite>
<stat pass="0" fail="1" skip="0" id="s1" name="robotApiTests">robotApiTests</stat>
<stat pass="0" fail="1" skip="0" id="s1-s1" name="Tests">robotApiTests.Tests</stat>
</suite>
</statistics>
<errors>
</errors>
</robot>
